./cmd/adb/d4.h:  -- has 1 other links: unchanged
./cmd/adb/input.c:  -- has 1 other links: unchanged
./cmd/adb/mac.h:  -- has 1 other links: unchanged
./cmd/adb/output.c:  -- has 1 other links: unchanged
./cmd/adb/adb.mk:  -- has 1 other links: unchanged
./cmd/adb/z8000/output.c:  -- has 1 other links: unchanged
./cmd/adb/z8000/adb.mk:  -- has 1 other links: unchanged
./cmd/adb/z8000/d4.h:  -- has 1 other links: unchanged
./cmd/adb/z8000/input.c:  -- has 1 other links: unchanged
./cmd/adb/z8000/mac.h:  -- has 1 other links: unchanged
condcode.decs: filename too long to tack on .Z
crossmode.decs: filename too long to tack on .Z
divide.pdp11.s: filename too long to tack on .Z
divide.z8000.c: filename too long to tack on .Z
./cmd/cp.mk:  -- has 2 other links: unchanged
./cmd/mv.mk:  -- has 2 other links: unchanged
tapesave.u.sh: filename too long to tack on .Z
./cmd/ln.mk:  -- has 2 other links: unchanged
filesave.u.sh: filename too long to tack on .Z
UUCP_IMP_DESC: filename too long to tack on .Z
origrjeproto.r: filename too long to tack on .Z
dotprofile.sh: filename too long to tack on .Z
dotprofile.rc: filename too long to tack on .Z
inittab16.etc: filename too long to tack on .Z
inittab32.etc: filename too long to tack on .Z
checklist.etc: filename too long to tack on .Z
cshprofile.sh: filename too long to tack on .Z
tset.delays.h: filename too long to tack on .Z
./lib/libm/atan.c.Z: already has .Z suffix -- no change
./lib/libm/exp.c.Z: already has .Z suffix -- no change
./lib/libm/fabs.c.Z: already has .Z suffix -- no change
./lib/libm/floor.c.Z: already has .Z suffix -- no change
./lib/libm/hypot.c.Z: already has .Z suffix -- no change
./lib/libm/j0.c.Z: already has .Z suffix -- no change
./lib/libm/j1.c.Z: already has .Z suffix -- no change
./lib/libm/jn.c.Z: already has .Z suffix -- no change
./lib/libm/libm.rc.Z: already has .Z suffix -- no change
./lib/libm/log.c.Z: already has .Z suffix -- no change
./lib/libm/pow.c.Z: already has .Z suffix -- no change
./lib/libm/sin.c.Z: already has .Z suffix -- no change
./lib/libm/sinh.c.Z: already has .Z suffix -- no change
./lib/libm/sqrt.c.Z: already has .Z suffix -- no change
./lib/libm/tan.c.Z: already has .Z suffix -- no change
./lib/libm/tanh.c.Z: already has .Z suffix -- no change
./lib/libm/gamma.c.Z: already has .Z suffix -- no change
./lib/libm/erf.c.Z: already has .Z suffix -- no change
./lib/libm/fmod.c.Z: already has .Z suffix -- no change
./lib/libm/libm.trc.Z: already has .Z suffix -- no change
./lib/libm/asin.c.Z: already has .Z suffix -- no change
./lib/libplot/libplot.tmk.Z: already has .Z suffix -- no change
./lib/libplot/t300/close.c.Z: already has .Z suffix -- no change
./lib/libplot/t300/con.h.Z: already has .Z suffix -- no change
./lib/libplot/t300/label.c.Z: already has .Z suffix -- no change
./lib/libplot/t300/line.c.Z: already has .Z suffix -- no change
./lib/libplot/t300/move.c.Z: already has .Z suffix -- no change
./lib/libplot/t300/open.c.Z: already has .Z suffix -- no change
./lib/libplot/t300/space.c.Z: already has .Z suffix -- no change
./lib/libplot/t300/subr.c.Z: already has .Z suffix -- no change
./lib/libplot/t300/t300.mk.Z: already has .Z suffix -- no change
./lib/libplot/t300/box.c.Z: already has .Z suffix -- no change
./lib/libplot/t300s/close.c.Z: already has .Z suffix -- no change
./lib/libplot/t300s/con.h.Z: already has .Z suffix -- no change
./lib/libplot/t300s/label.c.Z: already has .Z suffix -- no change
./lib/libplot/t300s/line.c.Z: already has .Z suffix -- no change
./lib/libplot/t300s/move.c.Z: already has .Z suffix -- no change
./lib/libplot/t300s/open.c.Z: already has .Z suffix -- no change
./lib/libplot/t300s/space.c.Z: already has .Z suffix -- no change
./lib/libplot/t300s/subr.c.Z: already has .Z suffix -- no change
./lib/libplot/t300s/t300s.mk.Z: already has .Z suffix -- no change
./lib/libplot/t300s/box.c.Z: already has .Z suffix -- no change
./lib/libplot/t450/close.c.Z: already has .Z suffix -- no change
./lib/libplot/t450/con.h.Z: already has .Z suffix -- no change
./lib/libplot/t450/label.c.Z: already has .Z suffix -- no change
./lib/libplot/t450/line.c.Z: already has .Z suffix -- no change
./lib/libplot/t450/move.c.Z: already has .Z suffix -- no change
./lib/libplot/t450/open.c.Z: already has .Z suffix -- no change
./lib/libplot/t450/space.c.Z: already has .Z suffix -- no change
./lib/libplot/t450/subr.c.Z: already has .Z suffix -- no change
./lib/libplot/t450/t450.mk.Z: already has .Z suffix -- no change
./lib/libplot/t450/box.c.Z: already has .Z suffix -- no change
./lib/libplot/t4014/box.c.Z: already has .Z suffix -- no change
./lib/libplot/t4014/close.c.Z: already has .Z suffix -- no change
./lib/libplot/t4014/erase.c.Z: already has .Z suffix -- no change
./lib/libplot/t4014/label.c.Z: already has .Z suffix -- no change
./lib/libplot/t4014/line.c.Z: already has .Z suffix -- no change
./lib/libplot/t4014/linemod.c.Z: already has .Z suffix -- no change
./lib/libplot/t4014/point.c.Z: already has .Z suffix -- no change
./lib/libplot/t4014/scale.c.Z: already has .Z suffix -- no change
./lib/libplot/t4014/space.c.Z: already has .Z suffix -- no change
./lib/libplot/t4014/subr.c.Z: already has .Z suffix -- no change
./lib/libplot/t4014/t4014.mk.Z: already has .Z suffix -- no change
./lib/libplot/t4014/arc.c.Z: already has .Z suffix -- no change
./lib/libplot/plot/box.c.Z: already has .Z suffix -- no change
./lib/libplot/plot/circle.c.Z: already has .Z suffix -- no change
./lib/libplot/plot/close.c.Z: already has .Z suffix -- no change
./lib/libplot/plot/cont.c.Z: already has .Z suffix -- no change
./lib/libplot/plot/dot.c.Z: already has .Z suffix -- no change
./lib/libplot/plot/label.c.Z: already has .Z suffix -- no change
./lib/libplot/plot/line.c.Z: already has .Z suffix -- no change
./lib/libplot/plot/linmod.c.Z: already has .Z suffix -- no change
./lib/libplot/plot/move.c.Z: already has .Z suffix -- no change
./lib/libplot/plot/point.c.Z: already has .Z suffix -- no change
./lib/libplot/plot/putsi.c.Z: already has .Z suffix -- no change
./lib/libplot/plot/space.c.Z: already has .Z suffix -- no change
./lib/libplot/plot/plot.mk.Z: already has .Z suffix -- no change
./lib/libplot/plot/arc.c.Z: already has .Z suffix -- no change
./lib/libplot/vt0/box.c.Z: already has .Z suffix -- no change
./lib/libplot/vt0/circle.c.Z: already has .Z suffix -- no change
./lib/libplot/vt0/close.c.Z: already has .Z suffix -- no change
./lib/libplot/vt0/dot.c.Z: already has .Z suffix -- no change
./lib/libplot/vt0/label.c.Z: already has .Z suffix -- no change
./lib/libplot/vt0/line.c.Z: already has .Z suffix -- no change
./lib/libplot/vt0/move.c.Z: already has .Z suffix -- no change
./lib/libplot/vt0/open.c.Z: already has .Z suffix -- no change
./lib/libplot/vt0/point.c.Z: already has .Z suffix -- no change
./lib/libplot/vt0/space.c.Z: already has .Z suffix -- no change
./lib/libplot/vt0/subr.c.Z: already has .Z suffix -- no change
./lib/libplot/vt0/vt0.mk.Z: already has .Z suffix -- no change
./lib/libplot/vt0/arc.c.Z: already has .Z suffix -- no change
./lib/libplot/BUGS.Z: already has .Z suffix -- no change
./lib/libplot/libplot.mk.Z: already has .Z suffix -- no change
./lib/libc/libc.trc.Z: already has .Z suffix -- no change
./lib/libc/z8000/crt/mcount.s.Z: already has .Z suffix -- no change
./lib/libc/z8000/crt/BUGS.Z: already has .Z suffix -- no change
./lib/libc/z8000/crt/cret.s.Z: already has .Z suffix -- no change
./lib/libc/z8000/crt/csav.s.Z: already has .Z suffix -- no change
./lib/libc/z8000/crt/switch.s.Z: already has .Z suffix -- no change
./lib/libc/z8000/crt/cerror.s.Z: already has .Z suffix -- no change
./lib/libc/z8000/csu/mcrt0.s.Z: already has .Z suffix -- no change
./lib/libc/z8000/csu/BUGS.Z: already has .Z suffix -- no change
./lib/libc/z8000/csu/crt0.s.Z: already has .Z suffix -- no change
./lib/libc/z8000/gen/abs.c.Z: already has .Z suffix -- no change
./lib/libc/z8000/gen/atof.c.Z: already has .Z suffix -- no change
./lib/libc/z8000/gen/atoi.c.Z: already has .Z suffix -- no change
./lib/libc/z8000/gen/atol.c.Z: already has .Z suffix -- no change
./lib/libc/z8000/gen/bsearch.c.Z: already has .Z suffix -- no change
./lib/libc/z8000/gen/calloc.c.Z: already has .Z suffix -- no change
./lib/libc/z8000/gen/crypt.c.Z: already has .Z suffix -- no change
./lib/libc/z8000/gen/ctime.c.Z: already has .Z suffix -- no change
./lib/libc/z8000/gen/ctype_.c.Z: already has .Z suffix -- no change
./lib/libc/z8000/gen/ecvt.c.Z: already has .Z suffix -- no change
./lib/libc/z8000/gen/errlst.c.Z: already has .Z suffix -- no change
./lib/libc/z8000/gen/execvp.c.Z: already has .Z suffix -- no change
./lib/libc/z8000/gen/frexp.c.Z: already has .Z suffix -- no change
./lib/libc/z8000/gen/getenv.c.Z: already has .Z suffix -- no change
./lib/libc/z8000/gen/getgrent.c.Z: already has .Z suffix -- no change
./lib/libc/z8000/gen/getgrgid.c.Z: already has .Z suffix -- no change
./lib/libc/z8000/gen/getgrnam.c.Z: already has .Z suffix -- no change
./lib/libc/z8000/gen/getlogin.c.Z: already has .Z suffix -- no change
./lib/libc/z8000/gen/getopt.c.Z: already has .Z suffix -- no change
./lib/libc/z8000/gen/getpw.c.Z: already has .Z suffix -- no change
./lib/libc/z8000/gen/getpwent.c.Z: already has .Z suffix -- no change
./lib/libc/z8000/gen/getpwnam.c.Z: already has .Z suffix -- no change
./lib/libc/z8000/gen/getpwuid.c.Z: already has .Z suffix -- no change
./lib/libc/z8000/gen/isatty.c.Z: already has .Z suffix -- no change
./lib/libc/z8000/gen/l3.c.Z: already has .Z suffix -- no change
./lib/libc/z8000/gen/l64a.c.Z: already has .Z suffix -- no change
./lib/libc/z8000/gen/ldexp.c.Z: already has .Z suffix -- no change
./lib/libc/z8000/gen/lsearch.c.Z: already has .Z suffix -- no change
./lib/libc/z8000/gen/malloc.c.Z: already has .Z suffix -- no change
./lib/libc/z8000/gen/mktemp.c.Z: already has .Z suffix -- no change
./lib/libc/z8000/gen/modf.c.Z: already has .Z suffix -- no change
./lib/libc/z8000/gen/mon.c.Z: already has .Z suffix -- no change
./lib/libc/z8000/gen/nlist.c.Z: already has .Z suffix -- no change
./lib/libc/z8000/gen/perror.c.Z: already has .Z suffix -- no change
./lib/libc/z8000/gen/putpwent.c.Z: already has .Z suffix -- no change
./lib/libc/z8000/gen/qsort.c.Z: already has .Z suffix -- no change
./lib/libc/z8000/gen/rand.c.Z: already has .Z suffix -- no change
./lib/libc/z8000/gen/sleep.c.Z: already has .Z suffix -- no change
./lib/libc/z8000/gen/ssignal.c.Z: already has .Z suffix -- no change
./lib/libc/z8000/gen/strcat.c.Z: already has .Z suffix -- no change
./lib/libc/z8000/gen/strchr.c.Z: already has .Z suffix -- no change
./lib/libc/z8000/gen/strcmp.c.Z: already has .Z suffix -- no change
./lib/libc/z8000/gen/strcpy.c.Z: already has .Z suffix -- no change
./lib/libc/z8000/gen/strcspn.c.Z: already has .Z suffix -- no change
./lib/libc/z8000/gen/strlen.c.Z: already has .Z suffix -- no change
./lib/libc/z8000/gen/strncat.c.Z: already has .Z suffix -- no change
./lib/libc/z8000/gen/strncmp.c.Z: already has .Z suffix -- no change
./lib/libc/z8000/gen/strncpy.c.Z: already has .Z suffix -- no change
./lib/libc/z8000/gen/strpbrk.c.Z: already has .Z suffix -- no change
./lib/libc/z8000/gen/strrchr.c.Z: already has .Z suffix -- no change
./lib/libc/z8000/gen/strspn.c.Z: already has .Z suffix -- no change
./lib/libc/z8000/gen/strtok.c.Z: already has .Z suffix -- no change
./lib/libc/z8000/gen/swab.c.Z: already has .Z suffix -- no change
./lib/libc/z8000/gen/ttyname.c.Z: already has .Z suffix -- no change
./lib/libc/z8000/gen/ttyslot.c.Z: already has .Z suffix -- no change
./lib/libc/z8000/gen/setjmp.s.Z: already has .Z suffix -- no change
./lib/libc/z8000/gen/BUGS.Z: already has .Z suffix -- no change
./lib/libc/z8000/gen/cv50to60.c.Z: already has .Z suffix -- no change
./lib/libc/z8000/gen/stty.c.Z: already has .Z suffix -- no change
./lib/libc/z8000/gen/fakcu.s.Z: already has .Z suffix -- no change
./lib/libc/z8000/gen/cuexit.s.Z: already has .Z suffix -- no change
./lib/libc/z8000/gen/toupper.s.Z: already has .Z suffix -- no change
./lib/libc/z8000/gen/tolower.s.Z: already has .Z suffix -- no change
./lib/libc/z8000/gen/abort.s.Z: already has .Z suffix -- no change
./lib/libc/z8000/gen/a64l.c.Z: already has .Z suffix -- no change
./lib/libc/z8000/stdio/cuserid.c.Z: already has .Z suffix -- no change
./lib/libc/z8000/stdio/data.c.Z: already has .Z suffix -- no change
./lib/libc/z8000/stdio/doscan.c.Z: already has .Z suffix -- no change
./lib/libc/z8000/stdio/endopen.c.Z: already has .Z suffix -- no change
./lib/libc/z8000/stdio/fdopen.c.Z: already has .Z suffix -- no change
./lib/libc/z8000/stdio/fgets.c.Z: already has .Z suffix -- no change
./lib/libc/z8000/stdio/filbuf.c.Z: already has .Z suffix -- no change
./lib/libc/z8000/stdio/findiop.c.Z: already has .Z suffix -- no change
./lib/libc/z8000/stdio/flsbuf.c.Z: already has .Z suffix -- no change
./lib/libc/z8000/stdio/fopen.c.Z: already has .Z suffix -- no change
./lib/libc/z8000/stdio/fprintf.c.Z: already has .Z suffix -- no change
./lib/libc/z8000/stdio/fputs.c.Z: already has .Z suffix -- no change
./lib/libc/z8000/stdio/freopen.c.Z: already has .Z suffix -- no change
./lib/libc/z8000/stdio/fseek.c.Z: already has .Z suffix -- no change
./lib/libc/z8000/stdio/ftell.c.Z: already has .Z suffix -- no change
./lib/libc/z8000/stdio/gcvt.c.Z: already has .Z suffix -- no change
./lib/libc/z8000/stdio/getchar.c.Z: already has .Z suffix -- no change
./lib/libc/z8000/stdio/getpass.c.Z: already has .Z suffix -- no change
./lib/libc/z8000/stdio/gets.c.Z: already has .Z suffix -- no change
./lib/libc/z8000/stdio/getw.c.Z: already has .Z suffix -- no change
./lib/libc/z8000/stdio/popen.c.Z: already has .Z suffix -- no change
./lib/libc/z8000/stdio/printf.c.Z: already has .Z suffix -- no change
./lib/libc/z8000/stdio/putchar.c.Z: already has .Z suffix -- no change
./lib/libc/z8000/stdio/puts.c.Z: already has .Z suffix -- no change
./lib/libc/z8000/stdio/putw.c.Z: already has .Z suffix -- no change
./lib/libc/z8000/stdio/rdwr.c.Z: already has .Z suffix -- no change
./lib/libc/z8000/stdio/rew.c.Z: already has .Z suffix -- no change
./lib/libc/z8000/stdio/scanf.c.Z: already has .Z suffix -- no change
./lib/libc/z8000/stdio/setbuf.c.Z: already has .Z suffix -- no change
./lib/libc/z8000/stdio/sprintf.c.Z: already has .Z suffix -- no change
./lib/libc/z8000/stdio/system.c.Z: already has .Z suffix -- no change
./lib/libc/z8000/stdio/tmpfile.c.Z: already has .Z suffix -- no change
./lib/libc/z8000/stdio/tmpnam.c.Z: already has .Z suffix -- no change
./lib/libc/z8000/stdio/ungetc.c.Z: already has .Z suffix -- no change
./lib/libc/z8000/stdio/vfprintf.c.Z: already has .Z suffix -- no change
./lib/libc/z8000/stdio/vprintf.c.Z: already has .Z suffix -- no change
./lib/libc/z8000/stdio/vsprintf.c.Z: already has .Z suffix -- no change
./lib/libc/z8000/stdio/BUGS.Z: already has .Z suffix -- no change
./lib/libc/z8000/stdio/_print.h.Z: already has .Z suffix -- no change
./lib/libc/z8000/stdio/param.h.Z: already has .Z suffix -- no change
./lib/libc/z8000/stdio/fltused.s.Z: already has .Z suffix -- no change
./lib/libc/z8000/stdio/ctermid.c.Z: already has .Z suffix -- no change
./lib/libc/z8000/sys/acct.s.Z: already has .Z suffix -- no change
./lib/libc/z8000/sys/chdir.s.Z: already has .Z suffix -- no change
./lib/libc/z8000/sys/chmod.s.Z: already has .Z suffix -- no change
./lib/libc/z8000/sys/chown.s.Z: already has .Z suffix -- no change
./lib/libc/z8000/sys/chroot.s.Z: already has .Z suffix -- no change
./lib/libc/z8000/sys/close.s.Z: already has .Z suffix -- no change
./lib/libc/z8000/sys/creat.s.Z: already has .Z suffix -- no change
./lib/libc/z8000/sys/dup.s.Z: already has .Z suffix -- no change
./lib/libc/z8000/sys/BUGS.Z: already has .Z suffix -- no change
./lib/libc/z8000/sys/execl.s.Z: already has .Z suffix -- no change
./lib/libc/z8000/sys/execle.s.Z: already has .Z suffix -- no change
./lib/libc/z8000/sys/execv.s.Z: already has .Z suffix -- no change
./lib/libc/z8000/sys/execve.s.Z: already has .Z suffix -- no change
./lib/libc/z8000/sys/exit.s.Z: already has .Z suffix -- no change
./lib/libc/z8000/sys/fork.s.Z: already has .Z suffix -- no change
./lib/libc/z8000/sys/fstat.s.Z: already has .Z suffix -- no change
./lib/libc/z8000/sys/getgid.s.Z: already has .Z suffix -- no change
./lib/libc/z8000/sys/getpid.s.Z: already has .Z suffix -- no change
./lib/libc/z8000/sys/getuid.s.Z: already has .Z suffix -- no change
./lib/libc/z8000/sys/ioctl.s.Z: already has .Z suffix -- no change
./lib/libc/z8000/sys/kill.s.Z: already has .Z suffix -- no change
./lib/libc/z8000/sys/link.s.Z: already has .Z suffix -- no change
./lib/libc/z8000/sys/lseek.s.Z: already has .Z suffix -- no change
./lib/libc/z8000/sys/mknod.s.Z: already has .Z suffix -- no change
./lib/libc/z8000/sys/mount.s.Z: already has .Z suffix -- no change
./lib/libc/z8000/sys/nice.s.Z: already has .Z suffix -- no change
./lib/libc/z8000/sys/open.s.Z: already has .Z suffix -- no change
./lib/libc/z8000/sys/pause.s.Z: already has .Z suffix -- no change
./lib/libc/z8000/sys/pipe.s.Z: already has .Z suffix -- no change
./lib/libc/z8000/sys/ptrace.s.Z: already has .Z suffix -- no change
./lib/libc/z8000/sys/read.s.Z: already has .Z suffix -- no change
./lib/libc/z8000/sys/sbrk.s.Z: already has .Z suffix -- no change
./lib/libc/z8000/sys/setgid.s.Z: already has .Z suffix -- no change
./lib/libc/z8000/sys/setuid.s.Z: already has .Z suffix -- no change
./lib/libc/z8000/sys/stat.s.Z: already has .Z suffix -- no change
./lib/libc/z8000/sys/stime.s.Z: already has .Z suffix -- no change
./lib/libc/z8000/sys/sync.s.Z: already has .Z suffix -- no change
./lib/libc/z8000/sys/time.s.Z: already has .Z suffix -- no change
./lib/libc/z8000/sys/umask.s.Z: already has .Z suffix -- no change
./lib/libc/z8000/sys/umount.s.Z: already has .Z suffix -- no change
./lib/libc/z8000/sys/unlink.s.Z: already has .Z suffix -- no change
./lib/libc/z8000/sys/utime.s.Z: already has .Z suffix -- no change
./lib/libc/z8000/sys/wait.s.Z: already has .Z suffix -- no change
./lib/libc/z8000/sys/write.s.Z: already has .Z suffix -- no change
./lib/libc/z8000/sys/alarm.s.Z: already has .Z suffix -- no change
./lib/libc/z8000/sys/profil.s.Z: already has .Z suffix -- no change
./lib/libc/z8000/sys/signal.s.Z: already has .Z suffix -- no change
./lib/libc/z8000/sys/times.s.Z: already has .Z suffix -- no change
./lib/libc/z8000/sys/fcntl.s.Z: already has .Z suffix -- no change
./lib/libc/z8000/sys/getegid.s.Z: already has .Z suffix -- no change
./lib/libc/z8000/sys/getppid.s.Z: already has .Z suffix -- no change
./lib/libc/z8000/sys/geteuid.s.Z: already has .Z suffix -- no change
./lib/libc/z8000/sys/gtty.s.Z: already has .Z suffix -- no change
./lib/libc/z8000/sys/stty.s.Z: already has .Z suffix -- no change
./lib/libc/z8000/sys/setpgrp.s.Z: already has .Z suffix -- no change
./lib/libc/z8000/sys/syscall.s.Z: already has .Z suffix -- no change
./lib/libc/z8000/sys/tell.s.Z: already has .Z suffix -- no change
./lib/libc/z8000/sys/ulimit.s.Z: already has .Z suffix -- no change
./lib/libc/z8000/sys/uname.s.Z: already has .Z suffix -- no change
./lib/libc/z8000/sys/ustat.s.Z: already has .Z suffix -- no change
./lib/libc/z8000/sys/locking.s.Z: already has .Z suffix -- no change
./lib/libc/z8000/sys/rmount.s.Z: already has .Z suffix -- no change
./lib/libc/z8000/sys/rumount.s.Z: already has .Z suffix -- no change
./lib/libc/z8000/sys/tmpfile.Z: already has .Z suffix -- no change
./lib/libc/z8000/sys/ugrow.s.Z: already has .Z suffix -- no change
./lib/libc/z8000/sys/access.s.Z: already has .Z suffix -- no change
./lib/libc/z8000/order.in.Z: already has .Z suffix -- no change
./lib/libc/z8000/order.out.Z: already has .Z suffix -- no change
./lib/libc/z8000/BUGS.Z: already has .Z suffix -- no change
./lib/libc/z8000/libc.trc.Z: already has .Z suffix -- no change
./lib/libc/z8000/libc.rc.1.0.Z: already has .Z suffix -- no change
./lib/libc/z8000/junk.Z: already has .Z suffix -- no change
./lib/libc/z8000/libc.rc.Z: already has .Z suffix -- no change
./lib/libc/libc.rc.Z: already has .Z suffix -- no change
./lib/liby/liby.trc.Z: already has .Z suffix -- no change
./lib/liby/liby.rc.Z: already has .Z suffix -- no change
./lib/libl/lib/ncform.Z: already has .Z suffix -- no change
./lib/libl/lib/reject.c.Z: already has .Z suffix -- no change
./lib/libl/lib/yyless.c.Z: already has .Z suffix -- no change
./lib/libl/lib/nrform.Z: already has .Z suffix -- no change
./lib/libl/lib/allprint.c.Z: already has .Z suffix -- no change
./lib/libl/libl.trc.Z: already has .Z suffix -- no change
./lib/libl/libl.rc.Z: already has .Z suffix -- no change
./lib/libg/libg.mk.Z: already has .Z suffix -- no change
./lib/libg/dbxxx.s.Z: already has .Z suffix -- no change
./lib/libPW/regex.c.Z: already has .Z suffix -- no change
./lib/libPW/lockit.c.Z: already has .Z suffix -- no change
./lib/libPW/any.c.Z: already has .Z suffix -- no change
./lib/libPW/anystr.c.Z: already has .Z suffix -- no change
./lib/libPW/bal.c.Z: already has .Z suffix -- no change
./lib/libPW/cat.c.Z: already has .Z suffix -- no change
./lib/libPW/clean.c.Z: already has .Z suffix -- no change
./lib/libPW/curdir.c.Z: already has .Z suffix -- no change
./lib/libPW/dname.c.Z: already has .Z suffix -- no change
./lib/libPW/fatal.c.Z: already has .Z suffix -- no change
./lib/libPW/fdfopen.c.Z: already has .Z suffix -- no change
./lib/libPW/giveup.c.Z: already has .Z suffix -- no change
./lib/libPW/imatch.c.Z: already has .Z suffix -- no change
./lib/libPW/index.c.Z: already has .Z suffix -- no change
./lib/libPW/libPW.mk.Z: already has .Z suffix -- no change
./lib/libPW/patoi.c.Z: already has .Z suffix -- no change
./lib/libPW/patol.c.Z: already has .Z suffix -- no change
./lib/libPW/rename.c.Z: already has .Z suffix -- no change
./lib/libPW/repeat.c.Z: already has .Z suffix -- no change
./lib/libPW/repl.c.Z: already has .Z suffix -- no change
./lib/libPW/satoi.c.Z: already has .Z suffix -- no change
./lib/libPW/setsig.c.Z: already has .Z suffix -- no change
./lib/libPW/sname.c.Z: already has .Z suffix -- no change
./lib/libPW/strend.c.Z: already has .Z suffix -- no change
./lib/libPW/substr.c.Z: already has .Z suffix -- no change
./lib/libPW/trnslat.c.Z: already has .Z suffix -- no change
./lib/libPW/userdir.c.Z: already has .Z suffix -- no change
./lib/libPW/userexit.c.Z: already has .Z suffix -- no change
./lib/libPW/username.c.Z: already has .Z suffix -- no change
./lib/libPW/verify.c.Z: already has .Z suffix -- no change
./lib/libPW/xalloc.c.Z: already has .Z suffix -- no change
./lib/libPW/xcreat.c.Z: already has .Z suffix -- no change
./lib/libPW/xlink.c.Z: already has .Z suffix -- no change
./lib/libPW/xmsg.c.Z: already has .Z suffix -- no change
./lib/libPW/xopen.c.Z: already has .Z suffix -- no change
./lib/libPW/xpipe.c.Z: already has .Z suffix -- no change
./lib/libPW/xunlink.c.Z: already has .Z suffix -- no change
./lib/libPW/xwrite.c.Z: already has .Z suffix -- no change
./lib/libPW/zero.c.Z: already has .Z suffix -- no change
./lib/libPW/zeropad.c.Z: already has .Z suffix -- no change
./lib/libPW/BUGS.Z: already has .Z suffix -- no change
./lib/libPW/libPW.tmk.Z: already has .Z suffix -- no change
./lib/libPW/z8000/move.c.Z: already has .Z suffix -- no change
./lib/libPW/z8000/alloca.s.Z: already has .Z suffix -- no change
./lib/libPW/README.Z: already has .Z suffix -- no change
./lib/libPW/regcmp.c.Z: already has .Z suffix -- no change
./lib/lib2/Ainit.c.Z: already has .Z suffix -- no change
./lib/lib2/SYS.c.Z: already has .Z suffix -- no change
./lib/lib2/access.c.Z: already has .Z suffix -- no change
./lib/lib2/chdir.c.Z: already has .Z suffix -- no change
./lib/lib2/close.c.Z: already has .Z suffix -- no change
./lib/lib2/exit.c.Z: already has .Z suffix -- no change
./lib/lib2/fstat.c.Z: already has .Z suffix -- no change
./lib/lib2/getargv.c.Z: already has .Z suffix -- no change
./lib/lib2/getgid.c.Z: already has .Z suffix -- no change
./lib/lib2/getuid.c.Z: already has .Z suffix -- no change
./lib/lib2/gtty.c.Z: already has .Z suffix -- no change
./lib/lib2/ht.c.Z: already has .Z suffix -- no change
./lib/lib2/isatty.c.Z: already has .Z suffix -- no change
./lib/lib2/lseek.c.Z: already has .Z suffix -- no change
./lib/lib2/mknod.c.Z: already has .Z suffix -- no change
./lib/lib2/mount.c.Z: already has .Z suffix -- no change
./lib/lib2/open.c.Z: already has .Z suffix -- no change
./lib/lib2/read.c.Z: already has .Z suffix -- no change
./lib/lib2/sbrk.c.Z: already has .Z suffix -- no change
./lib/lib2/stat.c.Z: already has .Z suffix -- no change
./lib/lib2/stime.c.Z: already has .Z suffix -- no change
./lib/lib2/stty.c.Z: already has .Z suffix -- no change
./lib/lib2/tell.c.Z: already has .Z suffix -- no change
./lib/lib2/time.c.Z: already has .Z suffix -- no change
./lib/lib2/tty.c.Z: already has .Z suffix -- no change
./lib/lib2/umount.c.Z: already has .Z suffix -- no change
./lib/lib2/ustat.c.Z: already has .Z suffix -- no change
./lib/lib2/write.c.Z: already has .Z suffix -- no change
./lib/lib2/lib2.mk.Z: already has .Z suffix -- no change
./lib/lib2/order.in.Z: already has .Z suffix -- no change
./lib/lib2/lib2A.mk.Z: already has .Z suffix -- no change
./lib/lib2/lib2B.mk.Z: already has .Z suffix -- no change
./lib/lib2/Bconf.c.Z: already has .Z suffix -- no change
./lib/lib2/Binit.c.Z: already has .Z suffix -- no change
./lib/lib2/rk.c.Z: already has .Z suffix -- no change
./lib/lib2/rp.c.Z: already has .Z suffix -- no change
./lib/lib2/Vconf.c.Z: already has .Z suffix -- no change
./lib/lib2/Vtpdmp.c.Z: already has .Z suffix -- no change
./lib/lib2/70ht.c.Z: already has .Z suffix -- no change
./lib/lib2/70srt0.s.Z: already has .Z suffix -- no change
./lib/lib2/70hp.c.Z: already has .Z suffix -- no change
./lib/lib2/70tpdmp.c.Z: already has .Z suffix -- no change
./lib/lib2/Vsrt0.s.Z: already has .Z suffix -- no change
./lib/lib2/Vhp.c.Z: already has .Z suffix -- no change
./lib/lib2/Vinit.c.Z: already has .Z suffix -- no change
./lib/lib2/Vht.c.Z: already has .Z suffix -- no change
./lib/lib2/Zsrt0.s.Z: already has .Z suffix -- no change
./lib/lib2/BUGS.Z: already has .Z suffix -- no change
./lib/lib2/Zinit.c.Z: already has .Z suffix -- no change
./lib/lib2/lib2.a.Z: already has .Z suffix -- no change
./lib/lib2/Zrm.c.Z: already has .Z suffix -- no change
./lib/lib2/Zis.c.Z: already has .Z suffix -- no change
./lib/lib2/Zpt.c.Z: already has .Z suffix -- no change
./lib/lib2/Zmt.c.Z: already has .Z suffix -- no change
./lib/lib2/Zpd.c.Z: already has .Z suffix -- no change
./lib/lib2/Zdk.c.Z: already has .Z suffix -- no change
./lib/lib2/Zus.c.Z: already has .Z suffix -- no change
./lib/lib2/Zkmem.c.Z: already has .Z suffix -- no change
./lib/lib2/Zconf.c.Z: already has .Z suffix -- no change
./lib/lib2/README.Z: already has .Z suffix -- no change
./lib/lib2/srcheof.c.Z: already has .Z suffix -- no change
./lib/lib2/atol.c.Z: already has .Z suffix -- no change
./lib/lib2/mkfs.c.Z: already has .Z suffix -- no change
./lib/lib2/dd.c.Z: already has .Z suffix -- no change
./lib/lib2/fsdb.c.Z: already has .Z suffix -- no change
./lib/lib2/boot.c.Z: already has .Z suffix -- no change
./lib/lib2/lib2.sh.Z: already has .Z suffix -- no change
./lib/lib2/ecvt.c.Z: already has .Z suffix -- no change
./lib/lib2/filbuf.c.Z: already has .Z suffix -- no change
./lib/lib2/qsort.c.Z: already has .Z suffix -- no change
./lib/lib2/getopt.c.Z: already has .Z suffix -- no change
./lib/lib2/strtok.c.Z: already has .Z suffix -- no change
./lib/lib2/malloc.c.Z: already has .Z suffix -- no change
./lib/lib2/allall.c.Z: already has .Z suffix -- no change
./lib/lib2/Aconf.c.Z: already has .Z suffix -- no change
./stand/z8000/sash/sash.mk.Z: already has .Z suffix -- no change
./stand/z8000/sash/sash1.c.Z: already has .Z suffix -- no change
./stand/z8000/help.c.Z: already has .Z suffix -- no change
./stand/z8000/xdformat.c.Z: already has .Z suffix -- no change
./stand/z8000/xfbackup.c.Z: already has .Z suffix -- no change
./stand/z8000/xibackup.c.Z: already has .Z suffix -- no change
./stand/z8000/xiformat.c.Z: already has .Z suffix -- no change
./stand/z8000/z8001.s.Z: already has .Z suffix -- no change
./stand/z8000/z8000.mk.Z: already has .Z suffix -- no change
./stand/z8000/boot.c.Z: already has .Z suffix -- no change
proto0async.s: filename too long to tack on .Z
proto1async.s: filename too long to tack on .Z
./games/arithmetic.c.Z: already has .Z suffix -- no change
./games/trk/abandon.c.Z: already has .Z suffix -- no change
./games/trk/adm.c.Z: already has .Z suffix -- no change
./games/trk/attack.c.Z: already has .Z suffix -- no change
./games/trk/checkcond.c.Z: already has .Z suffix -- no change
./games/trk/compkl.c.Z: already has .Z suffix -- no change
./games/trk/computer.c.Z: already has .Z suffix -- no change
./games/trk/damage.c.Z: already has .Z suffix -- no change
./games/trk/destruct.c.Z: already has .Z suffix -- no change
./games/trk/dock.c.Z: already has .Z suffix -- no change
./games/trk/dump.c.Z: already has .Z suffix -- no change
./games/trk/events.c.Z: already has .Z suffix -- no change
./games/trk/externs.c.Z: already has .Z suffix -- no change
./games/trk/extra.c.Z: already has .Z suffix -- no change
./games/trk/getcodi.c.Z: already has .Z suffix -- no change
./games/trk/getpar.c.Z: already has .Z suffix -- no change
./games/trk/help.c.Z: already has .Z suffix -- no change
./games/trk/impulse.c.Z: already has .Z suffix -- no change
./games/trk/initquad.c.Z: already has .Z suffix -- no change
./games/trk/input.c.Z: already has .Z suffix -- no change
./games/trk/kill.c.Z: already has .Z suffix -- no change
./games/trk/klmove.c.Z: already has .Z suffix -- no change
./games/trk/ldiv.s.Z: already has .Z suffix -- no change
./games/trk/log.c.Z: already has .Z suffix -- no change
./games/trk/lose.c.Z: already has .Z suffix -- no change
./games/trk/lrscan.c.Z: already has .Z suffix -- no change
./games/trk/main.c.Z: already has .Z suffix -- no change
./games/trk/move.c.Z: already has .Z suffix -- no change
./games/trk/nova.c.Z: already has .Z suffix -- no change
./games/trk/phaser.c.Z: already has .Z suffix -- no change
./games/trk/play.c.Z: already has .Z suffix -- no change
./games/trk/printf.c.Z: already has .Z suffix -- no change
./games/trk/query.c.Z: already has .Z suffix -- no change
./games/trk/ram.c.Z: already has .Z suffix -- no change
./games/trk/ranf.c.Z: already has .Z suffix -- no change
./games/trk/report.c.Z: already has .Z suffix -- no change
./games/trk/reset.s.Z: already has .Z suffix -- no change
./games/trk/rest.c.Z: already has .Z suffix -- no change
./games/trk/schedule.c.Z: already has .Z suffix -- no change
./games/trk/score.c.Z: already has .Z suffix -- no change
./games/trk/setup.c.Z: already has .Z suffix -- no change
./games/trk/setwarp.c.Z: already has .Z suffix -- no change
./games/trk/shell.c.Z: already has .Z suffix -- no change
./games/trk/shield.c.Z: already has .Z suffix -- no change
./games/trk/snova.c.Z: already has .Z suffix -- no change
./games/trk/srscan.c.Z: already has .Z suffix -- no change
./games/trk/ssradio.c.Z: already has .Z suffix -- no change
./games/trk/torped.c.Z: already has .Z suffix -- no change
./games/trk/trek.h.Z: already has .Z suffix -- no change
./games/trk/visual.c.Z: already has .Z suffix -- no change
./games/trk/warp.c.Z: already has .Z suffix -- no change
./games/trk/win.c.Z: already has .Z suffix -- no change
./games/trk/cc.errs.Z: already has .Z suffix -- no change
./games/trk/makefile.Z: already has .Z suffix -- no change
./games/trk/trk.mk.Z: already has .Z suffix -- no change
./games/trk/a68defs.Z: already has .Z suffix -- no change
./games/games.mk.Z: already has .Z suffix -- no change
./games/fish.c.Z: already has .Z suffix -- no change
./games/fortune.c.Z: already has .Z suffix -- no change
./games/hangman.c.Z: already has .Z suffix -- no change
./games/psych.c.Z: already has .Z suffix -- no change
./games/wump.c.Z: already has .Z suffix -- no change
./games/quiz.c.Z: already has .Z suffix -- no change
./games/number.c.Z: already has .Z suffix -- no change
./games/random.c.Z: already has .Z suffix -- no change
./games/mail.c.Z: already has .Z suffix -- no change
./games/master/ematch.c.Z: already has .Z suffix -- no change
./games/master/equal.c.Z: already has .Z suffix -- no change
./games/master/gentab.c.Z: already has .Z suffix -- no change
./games/master/guess.c.Z: already has .Z suffix -- no change
./games/master/imatch.c.Z: already has .Z suffix -- no change
./games/master/init.c.Z: already has .Z suffix -- no change
./games/master/instr.c.Z: already has .Z suffix -- no change
./games/master/main.c.Z: already has .Z suffix -- no change
./games/master/marksubs.c.Z: already has .Z suffix -- no change
./games/master/pack.c.Z: already has .Z suffix -- no change
./games/master/play1.c.Z: already has .Z suffix -- no change
./games/master/play2.c.Z: already has .Z suffix -- no change
./games/master/prune.c.Z: already has .Z suffix -- no change
./games/master/randint.c.Z: already has .Z suffix -- no change
./games/master/read1.c.Z: already has .Z suffix -- no change
./games/master/review.c.Z: already has .Z suffix -- no change
./games/master/rguess.c.Z: already has .Z suffix -- no change
./games/master/unpack.c.Z: already has .Z suffix -- no change
./games/master/yorn.c.Z: already has .Z suffix -- no change
./games/master/zcount.c.Z: already has .Z suffix -- no change
./games/master/Makefile.Z: already has .Z suffix -- no change
./games/master/max.h.Z: already has .Z suffix -- no change
./games/master/mmhow.Z: already has .Z suffix -- no change
./games/master/abbrev.c.Z: already has .Z suffix -- no change
./games/bj.c.Z: already has .Z suffix -- no change
./games/moo.c.Z: already has .Z suffix -- no change
./games/ttt.c.Z: already has .Z suffix -- no change
./games/craps.c.Z: already has .Z suffix -- no change
./games/BUGS.Z: already has .Z suffix -- no change
./games/ttt.a.Z: already has .Z suffix -- no change
./games/back.c.Z: already has .Z suffix -- no change
makedirections: filename too long to tack on .Z
./build/ccom.uts.Z: already has .Z suffix -- no change
./build/makebase.Z: already has .Z suffix -- no change
./build/pe.c.Z: already has .Z suffix -- no change
./build/makereltape.Z: already has .Z suffix -- no change
./build/makeall.Z: already has .Z suffix -- no change
everything.sh: filename too long to tack on .Z
./build/createproto.Z: already has .Z suffix -- no change
./build/makeall2.Z: already has .Z suffix -- no change
./build/system.mk.Z: already has .Z suffix -- no change
./build/make.proto.Z: already has .Z suffix -- no change
./build/kludges/README.Z: already has .Z suffix -- no change
./build/kludges/cc.uts.Z: already has .Z suffix -- no change
./build/kludges/ccom.uts.Z: already has .Z suffix -- no change
./build/kludges/:mkuts.Z: already has .Z suffix -- no change
./build/ls1.1.Z: already has .Z suffix -- no change
